Copyright 1986-2018 Xilinx, Inc. All Rights Reserved.
------------------------------------------------------------------------------------------------------------------------------------------
| Tool Version : Vivado v.2018.3 (lin64) Build 2405991 Thu Dec  6 23:36:41 MST 2018
| Date         : Fri Mar 19 03:58:04 2021
| Host         : capstone running 64-bit Ubuntu 18.04.4 LTS
| Command      : report_drc -file capstone_wrapper_drc_routed.rpt -pb capstone_wrapper_drc_routed.pb -rpx capstone_wrapper_drc_routed.rpx
| Design       : capstone_wrapper
| Device       : xczu19eg-ffvc1760-2-i
| Speed File   : -2
| Design State : Fully Routed
------------------------------------------------------------------------------------------------------------------------------------------

Report DRC

Table of Contents
-----------------
1. REPORT SUMMARY
2. REPORT DETAILS

1. REPORT SUMMARY
-----------------
            Netlist: netlist
          Floorplan: design_1
      Design limits: <entire design considered>
           Ruledeck: default
             Max violations: <unlimited>
             Violations found: 1
+-----------+----------+-------------------+------------+
| Rule      | Severity | Description       | Violations |
+-----------+----------+-------------------+------------+
| RTSTAT-10 | Warning  | No routable loads | 1          |
+-----------+----------+-------------------+------------+

2. REPORT DETAILS
-----------------
RTSTAT-10#1 Warning
No routable loads  
46 net(s) have no routable loads. The problem bus(es) and/or net(s) are dbg_hub/inst/BSCANID.u_xsdbm_id/CORE_XSDB.UUT_MASTER/U_ICON_INTERFACE/U_CMD6_RD/U_RD_FIFO/SUBCORE_FIFO.xsdbm_v3_0_0_rdfifo_inst/inst_fifo_gen/gconvfifo.rf/grf.rf/gntv_or_sync_fifo.gl0.rd/gr1.gr1_int.rfwft/aempty_fwft_i, dbg_hub/inst/BSCANID.u_xsdbm_id/CORE_XSDB.UUT_MASTER/U_ICON_INTERFACE/U_CMD7_CTL/ctl_reg[2:0], dbg_hub/inst/BSCANID.u_xsdbm_id/CORE_XSDB.UUT_MASTER/U_ICON_INTERFACE/U_CMD7_CTL/ctl_reg_en_2[1], dbg_hub/inst/BSCANID.u_xsdbm_id/CORE_XSDB.UUT_MASTER/U_ICON_INTERFACE/U_CMD1/ctl_reg_en_2[1], dbg_hub/inst/BSCANID.u_xsdbm_id/SWITCH_EXT_BSCAN_WITH_CORE.bscan_switch/m_bscan_capture[0], dbg_hub/inst/BSCANID.u_xsdbm_id/SWITCH_EXT_BSCAN_WITH_CORE.bscan_switch/m_bscan_drck[0], dbg_hub/inst/BSCANID.u_xsdbm_id/SWITCH_EXT_BSCAN_WITH_CORE.bscan_switch/m_bscan_runtest[0], capstone_i/PS_to_PL/inst/m00_nodes/m00_r_node/inst/mi_handler_m_sc_areset_pipe, capstone_i/PS_to_PL/inst/s00_nodes/s00_w_node/inst/mi_handler_m_sc_areset_pipe, capstone_i/PS_to_PL/inst/s00_nodes/s00_r_node/inst/mi_handler_m_sc_areset_pipe, capstone_i/PS_to_PL/inst/s00_nodes/s00_aw_node/inst/mi_handler_m_sc_areset_pipe, capstone_i/PS_to_PL/inst/s00_nodes/s00_ar_node/inst/mi_handler_m_sc_areset_pipe, capstone_i/PS_to_PL/inst/s00_nodes/s00_b_node/inst/mi_handler_m_sc_areset_pipe, capstone_i/PS_to_PL/inst/m02_nodes/m02_ar_node/inst/mi_handler_m_sc_areset_pipe, capstone_i/PS_to_PL/inst/m00_nodes/m00_w_node/inst/mi_handler_m_sc_areset_pipe (the first 15 of 44 listed).
Related violations: <none>


