Copyright 1986-2018 Xilinx, Inc. All Rights Reserved.
-----------------------------------------------------------------------------------------------------------------------------
| Tool Version : Vivado v.2018.3 (lin64) Build 2405991 Thu Dec  6 23:36:41 MST 2018
| Date         : Sat Mar 27 02:36:09 2021
| Host         : capstone running 64-bit Ubuntu 18.04.4 LTS
| Command      : report_utilization -file design_1_wrapper_utilization_placed.rpt -pb design_1_wrapper_utilization_placed.pb
| Design       : design_1_wrapper
| Device       : xczu19egffvc1760-2
| Design State : Fully Placed
-----------------------------------------------------------------------------------------------------------------------------

Utilization Design Information

Table of Contents
-----------------
1. CLB Logic
1.1 Summary of Registers by Type
2. CLB Logic Distribution
3. BLOCKRAM
4. ARITHMETIC
5. I/O
6. CLOCK
7. ADVANCED
8. CONFIGURATION
9. Primitives
10. Black Boxes
11. Instantiated Netlists

1. CLB Logic
------------

+----------------------------+-------+-------+-----------+-------+
|          Site Type         |  Used | Fixed | Available | Util% |
+----------------------------+-------+-------+-----------+-------+
| CLB LUTs                   | 13739 |     0 |    522720 |  2.63 |
|   LUT as Logic             | 12961 |     0 |    522720 |  2.48 |
|   LUT as Memory            |   778 |     0 |    161280 |  0.48 |
|     LUT as Distributed RAM |   170 |     0 |           |       |
|     LUT as Shift Register  |   608 |     0 |           |       |
| CLB Registers              | 12156 |     0 |   1045440 |  1.16 |
|   Register as Flip Flop    | 12156 |     0 |   1045440 |  1.16 |
|   Register as Latch        |     0 |     0 |   1045440 |  0.00 |
| CARRY8                     |   219 |     0 |     65340 |  0.34 |
| F7 Muxes                   |   616 |     0 |    261360 |  0.24 |
| F8 Muxes                   |   189 |     0 |    130680 |  0.14 |
| F9 Muxes                   |     0 |     0 |     65340 |  0.00 |
+----------------------------+-------+-------+-----------+-------+


1.1 Summary of Registers by Type
--------------------------------

+-------+--------------+-------------+--------------+
| Total | Clock Enable | Synchronous | Asynchronous |
+-------+--------------+-------------+--------------+
| 0     |            _ |           - |            - |
| 0     |            _ |           - |          Set |
| 0     |            _ |           - |        Reset |
| 0     |            _ |         Set |            - |
| 0     |            _ |       Reset |            - |
| 0     |          Yes |           - |            - |
| 42    |          Yes |           - |          Set |
| 380   |          Yes |           - |        Reset |
| 134   |          Yes |         Set |            - |
| 11600 |          Yes |       Reset |            - |
+-------+--------------+-------------+--------------+


2. CLB Logic Distribution
-------------------------

+--------------------------------------------+-------+-------+-----------+-------+
|                  Site Type                 |  Used | Fixed | Available | Util% |
+--------------------------------------------+-------+-------+-----------+-------+
| CLB                                        |  2889 |     0 |     65340 |  4.42 |
|   CLBL                                     |  2087 |     0 |           |       |
|   CLBM                                     |   802 |     0 |           |       |
| LUT as Logic                               | 12961 |     0 |    522720 |  2.48 |
|   using O5 output only                     |   238 |       |           |       |
|   using O6 output only                     | 10216 |       |           |       |
|   using O5 and O6                          |  2507 |       |           |       |
| LUT as Memory                              |   778 |     0 |    161280 |  0.48 |
|   LUT as Distributed RAM                   |   170 |     0 |           |       |
|     using O5 output only                   |     0 |       |           |       |
|     using O6 output only                   |   106 |       |           |       |
|     using O5 and O6                        |    64 |       |           |       |
|   LUT as Shift Register                    |   608 |     0 |           |       |
|     using O5 output only                   |     0 |       |           |       |
|     using O6 output only                   |   426 |       |           |       |
|     using O5 and O6                        |   182 |       |           |       |
| CLB Registers                              | 12156 |     0 |   1045440 |  1.16 |
|   Register driven from within the CLB      |  6374 |       |           |       |
|   Register driven from outside the CLB     |  5782 |       |           |       |
|     LUT in front of the register is unused |  3912 |       |           |       |
|     LUT in front of the register is used   |  1870 |       |           |       |
| Unique Control Sets                        |   637 |       |    130680 |  0.49 |
+--------------------------------------------+-------+-------+-----------+-------+
* Note: Available Control Sets calculated as CLB Registers / 8, Review the Control Sets Report for more information regarding control sets.


3. BLOCKRAM
-----------

+-------------------+------+-------+-----------+-------+
|     Site Type     | Used | Fixed | Available | Util% |
+-------------------+------+-------+-----------+-------+
| Block RAM Tile    | 52.5 |     0 |       984 |  5.34 |
|   RAMB36/FIFO*    |   20 |     0 |       984 |  2.03 |
|     RAMB36E2 only |   20 |       |           |       |
|   RAMB18          |   65 |     0 |      1968 |  3.30 |
|     RAMB18E2 only |   65 |       |           |       |
| URAM              |    0 |     0 |       128 |  0.00 |
+-------------------+------+-------+-----------+-------+
* Note: Each Block RAM Tile only has one FIFO logic available and therefore can accommodate only one FIFO36E2 or one FIFO18E2. However, if a FIFO18E2 occupies a Block RAM Tile, that tile can still accommodate a RAMB18E2


4. ARITHMETIC
-------------

+-----------+------+-------+-----------+-------+
| Site Type | Used | Fixed | Available | Util% |
+-----------+------+-------+-----------+-------+
| DSPs      |    0 |     0 |      1968 |  0.00 |
+-----------+------+-------+-----------+-------+


5. I/O
------

+------------------+------+-------+-----------+-------+
|     Site Type    | Used | Fixed | Available | Util% |
+------------------+------+-------+-----------+-------+
| Bonded IOB       |    0 |     0 |       512 |  0.00 |
| HPIOB_M          |    0 |     0 |       192 |  0.00 |
| HPIOB_S          |    0 |     0 |       192 |  0.00 |
| HDIOB_M          |    0 |     0 |        48 |  0.00 |
| HDIOB_S          |    0 |     0 |        48 |  0.00 |
| HPIOB_SNGL       |    0 |     0 |        32 |  0.00 |
| HPIOBDIFFINBUF   |    0 |     0 |       264 |  0.00 |
| HPIOBDIFFOUTBUF  |    0 |     0 |       264 |  0.00 |
| HDIOBDIFFINBUF   |    0 |     0 |        48 |  0.00 |
| BITSLICE_CONTROL |    0 |     0 |        88 |  0.00 |
| BITSLICE_RX_TX   |    0 |     0 |       572 |  0.00 |
| BITSLICE_TX      |    0 |     0 |        88 |  0.00 |
| RIU_OR           |    0 |     0 |        44 |  0.00 |
+------------------+------+-------+-----------+-------+


6. CLOCK
--------

+----------------------+------+-------+-----------+-------+
|       Site Type      | Used | Fixed | Available | Util% |
+----------------------+------+-------+-----------+-------+
| GLOBAL CLOCK BUFFERs |    2 |     0 |       940 |  0.21 |
|   BUFGCE             |    1 |     0 |       280 |  0.36 |
|   BUFGCE_DIV         |    0 |     0 |        44 |  0.00 |
|   BUFG_GT            |    0 |     0 |       456 |  0.00 |
|   BUFG_PS            |    1 |     0 |        72 |  1.39 |
|   BUFGCTRL*          |    0 |     0 |        88 |  0.00 |
| PLL                  |    0 |     0 |        22 |  0.00 |
| MMCM                 |    0 |     0 |        11 |  0.00 |
+----------------------+------+-------+-----------+-------+
* Note: Each used BUFGCTRL counts as two global buffer resources. This table does not include global clocking resources, only buffer cell usage. See the Clock Utilization Report (report_clock_utilization) for detailed accounting of global clocking resource availability.


7. ADVANCED
-----------

+-----------------+------+-------+-----------+--------+
|    Site Type    | Used | Fixed | Available |  Util% |
+-----------------+------+-------+-----------+--------+
| CMACE4          |    0 |     0 |         4 |   0.00 |
| GTHE4_CHANNEL   |    0 |     0 |        32 |   0.00 |
| GTHE4_COMMON    |    0 |     0 |         8 |   0.00 |
| GTYE4_CHANNEL   |    0 |     0 |        16 |   0.00 |
| GTYE4_COMMON    |    0 |     0 |         4 |   0.00 |
| ILKNE4          |    0 |     0 |         4 |   0.00 |
| OBUFDS_GTE4     |    0 |     0 |        24 |   0.00 |
| OBUFDS_GTE4_ADV |    0 |     0 |        24 |   0.00 |
| PCIE40E4        |    0 |     0 |         5 |   0.00 |
| PS8             |    1 |     0 |         1 | 100.00 |
| SYSMONE4        |    0 |     0 |         1 |   0.00 |
+-----------------+------+-------+-----------+--------+


8. CONFIGURATION
----------------

+-------------+------+-------+-----------+-------+
|  Site Type  | Used | Fixed | Available | Util% |
+-------------+------+-------+-----------+-------+
| BSCANE2     |    0 |     0 |         4 |  0.00 |
| DNA_PORTE2  |    0 |     0 |         1 |  0.00 |
| EFUSE_USR   |    0 |     0 |         1 |  0.00 |
| FRAME_ECCE4 |    0 |     0 |         1 |  0.00 |
| ICAPE3      |    0 |     0 |         2 |  0.00 |
| MASTER_JTAG |    0 |     0 |         1 |  0.00 |
| STARTUPE3   |    0 |     0 |         1 |  0.00 |
+-------------+------+-------+-----------+-------+


9. Primitives
-------------

+----------+-------+---------------------+
| Ref Name |  Used | Functional Category |
+----------+-------+---------------------+
| FDRE     | 11600 |            Register |
| LUT6     |  5132 |                 CLB |
| LUT5     |  3937 |                 CLB |
| LUT4     |  2368 |                 CLB |
| LUT2     |  1967 |                 CLB |
| LUT3     |  1821 |                 CLB |
| MUXF7    |   616 |                 CLB |
| SRLC32E  |   404 |                 CLB |
| SRL16E   |   384 |                 CLB |
| FDCE     |   380 |            Register |
| LUT1     |   243 |                 CLB |
| CARRY8   |   219 |                 CLB |
| MUXF8    |   189 |                 CLB |
| FDSE     |   134 |            Register |
| RAMD32   |   114 |                 CLB |
| RAMD64E  |   104 |                 CLB |
| RAMB18E2 |    65 |           Block Ram |
| FDPE     |    42 |            Register |
| RAMB36E2 |    20 |           Block Ram |
| RAMS32   |    16 |                 CLB |
| SRLC16E  |     2 |                 CLB |
| PS8      |     1 |            Advanced |
| BUFG_PS  |     1 |               Clock |
| BUFGCE   |     1 |               Clock |
+----------+-------+---------------------+


10. Black Boxes
---------------

+----------+------+
| Ref Name | Used |
+----------+------+


11. Instantiated Netlists
-------------------------

+-----------------------------------+------+
|              Ref Name             | Used |
+-----------------------------------+------+
| design_1_zynq_ultra_ps_e_0_0      |    1 |
| design_1_system_ila_0_0           |    1 |
| design_1_smartconnect_0_0         |    1 |
| design_1_debug_bridge_0_0         |    1 |
| design_1_axistream_packetfilt_0_0 |    1 |
| design_1_axi_fifo_mm_s_0_0        |    1 |
| dbg_hub                           |    1 |
| bd_c443_bsip_0                    |    1 |
| bd_c443_axi_jtag_0                |    1 |
+-----------------------------------+------+


